<?xml version="1.0" encoding="UTF-8"?>
<!-- Generated by org.testng.reporters.JUnitXMLReporter -->
<testsuite hostname="Deepak-PC" name="AccountTab" tests="11" failures="0" timestamp="16 May 2020 20:08:34 GMT" time="60.763" errors="0">
  <testcase name="@BeforeClass isSkip" time="0.0" classname="com.ComName.ProName.testCase.TC002_Create_an_Account">
    <skipped/>
  </testcase> <!-- @BeforeClass isSkip -->
  <testcase name="@BeforeClass isSkip" time="0.0" classname="com.ComName.ProName.testCase.TC004_Create_an_Account">
    <skipped/>
  </testcase> <!-- @BeforeClass isSkip -->
  <testcase name="@BeforeClass isSkip" time="0.0" classname="com.ComName.ProName.testCase.TC005_Create_an_Account">
    <skipped/>
  </testcase> <!-- @BeforeClass isSkip -->
  <testcase name="TC001_Create_An_Account" time="34.24" classname="com.ComName.ProName.testCase.TC001_Create_an_Account"/>
  <testcase name="TC002_Create_An_Account" time="0.001" classname="com.ComName.ProName.testCase.TC002_Create_an_Account">
    <skipped/>
  </testcase> <!-- TC002_Create_An_Account -->
  <testcase name="TC003_Create_An_Account" time="26.355" classname="com.ComName.ProName.testCase.TC003_Create_an_Account"/>
  <testcase name="TC004_Create_An_Account" time="0.0" classname="com.ComName.ProName.testCase.TC004_Create_an_Account">
    <skipped/>
  </testcase> <!-- TC004_Create_An_Account -->
  <testcase name="TC005_Create_An_Account" time="0.002" classname="com.ComName.ProName.testCase.TC005_Create_an_Account">
    <skipped/>
  </testcase> <!-- TC005_Create_An_Account -->
  <testcase name="TC005_Create_An_Account" time="0.001" classname="com.ComName.ProName.testCase.TC005_Create_an_Account">
    <skipped/>
  </testcase> <!-- TC005_Create_An_Account -->
  <testcase name="TC005_Create_An_Account" time="0.001" classname="com.ComName.ProName.testCase.TC005_Create_an_Account">
    <skipped/>
  </testcase> <!-- TC005_Create_An_Account -->
  <testcase name="TC005_Create_An_Account" time="0.0" classname="com.ComName.ProName.testCase.TC005_Create_an_Account">
    <skipped/>
  </testcase> <!-- TC005_Create_An_Account -->
  <testcase name="TC005_Create_An_Account" time="0.003" classname="com.ComName.ProName.testCase.TC005_Create_an_Account">
    <skipped/>
  </testcase> <!-- TC005_Create_An_Account -->
  <testcase name="TC005_Create_An_Account" time="0.001" classname="com.ComName.ProName.testCase.TC005_Create_an_Account">
    <skipped/>
  </testcase> <!-- TC005_Create_An_Account -->
  <testcase name="TC005_Create_An_Account" time="0.001" classname="com.ComName.ProName.testCase.TC005_Create_an_Account">
    <skipped/>
  </testcase> <!-- TC005_Create_An_Account -->
</testsuite> <!-- AccountTab -->
