<?xml version="1.0" encoding="UTF-8"?>
<!-- Generated by org.testng.reporters.JUnitXMLReporter -->
<testsuite hostname="Deepak-PC" name="Login functionality testing" tests="11" failures="0" timestamp="24 May 2020 13:32:40 GMT" time="49.787" errors="0">
  <testcase name="@BeforeClass isSkip" time="0.0" classname="com.ComName.ProName.testCase.TC002_Create_an_Account">
    <skipped/>
  </testcase> <!-- @BeforeClass isSkip -->
  <testcase name="@BeforeClass isSkip" time="0.0" classname="com.ComName.ProName.testCase.TC004_Create_an_Account">
    <skipped/>
  </testcase> <!-- @BeforeClass isSkip -->
  <testcase name="@BeforeClass isSkip" time="0.0" classname="com.ComName.ProName.testCase.TC005_Create_an_Account">
    <skipped/>
  </testcase> <!-- @BeforeClass isSkip -->
  <testcase name="TC001_Create_An_Account" time="24.717" classname="com.ComName.ProName.testCase.TC001_Create_an_Account"/>
  <testcase name="TC002_Create_An_Account" time="0.0" classname="com.ComName.ProName.testCase.TC002_Create_an_Account">
    <skipped/>
  </testcase> <!-- TC002_Create_An_Account -->
  <testcase name="TC003_Create_An_Account" time="22.774" classname="com.ComName.ProName.testCase.TC003_Create_an_Account"/>
  <testcase name="TC004_Create_An_Account" time="0.01" classname="com.ComName.ProName.testCase.TC004_Create_an_Account">
    <skipped/>
  </testcase> <!-- TC004_Create_An_Account -->
  <testcase name="TC005_Create_An_Account" time="0.0" classname="com.ComName.ProName.testCase.TC005_Create_an_Account">
    <skipped/>
  </testcase> <!-- TC005_Create_An_Account -->
  <testcase name="TC005_Create_An_Account" time="0.0" classname="com.ComName.ProName.testCase.TC005_Create_an_Account">
    <skipped/>
  </testcase> <!-- TC005_Create_An_Account -->
  <testcase name="TC005_Create_An_Account" time="0.0" classname="com.ComName.ProName.testCase.TC005_Create_an_Account">
    <skipped/>
  </testcase> <!-- TC005_Create_An_Account -->
  <testcase name="TC005_Create_An_Account" time="0.0" classname="com.ComName.ProName.testCase.TC005_Create_an_Account">
    <skipped/>
  </testcase> <!-- TC005_Create_An_Account -->
  <testcase name="TC005_Create_An_Account" time="0.01" classname="com.ComName.ProName.testCase.TC005_Create_an_Account">
    <skipped/>
  </testcase> <!-- TC005_Create_An_Account -->
  <testcase name="TC005_Create_An_Account" time="0.0" classname="com.ComName.ProName.testCase.TC005_Create_an_Account">
    <skipped/>
  </testcase> <!-- TC005_Create_An_Account -->
  <testcase name="TC005_Create_An_Account" time="0.0" classname="com.ComName.ProName.testCase.TC005_Create_an_Account">
    <skipped/>
  </testcase> <!-- TC005_Create_An_Account -->
</testsuite> <!-- Login functionality testing -->
